2018-12-07 18:53:03,132 WARN [org.springframework.cloud.bootstrap.config.PropertySourceBootstrapConfiguration] - <Logging config file location '-Djava.util.logging.config.file="D:\Server\apache-tomcat-cas\conf\logging.properties"' cannot be opened and will be ignored>
2018-12-07 18:53:10,416 WARN [org.apereo.cas.config.CasCoreTicketsConfiguration] - <Runtime memory is used as the persistence storage for retrieving and managing tickets. Tickets that are issued during runtime will be LOST when the web server is restarted. This MAY impact SSO functionality.>
2018-12-07 18:53:28,899 WARN [org.apereo.cas.web.report.util.ControllerUtils] - <Logging configuration cannot be found in the environment settings>
2018-12-07 18:53:36,521 WARN [org.apereo.cas.config.CasCoreServicesConfiguration] - <Runtime memory is used as the persistence storage for retrieving and persisting service definitions. Changes that are made to service definitions during runtime WILL be LOST when the web server is restarted. Ideally for production, you need to choose a storage option (JDBC, etc) to store and track service definitions.>
2018-12-07 18:53:37,065 WARN [org.apereo.cas.util.cipher.BaseStringCipherExecutor] - <Secret key for encryption is not defined for [Ticket-granting Cookie]; CAS will attempt to auto-generate the encryption key>
2018-12-07 18:53:37,080 WARN [org.apereo.cas.util.cipher.BaseStringCipherExecutor] - <Generated encryption key [q9sj5Kk5uLKZfS5quzfE8mzB7Mlq8k1_C31m3seT5cw] of size [256] for [Ticket-granting Cookie]. The generated key MUST be added to CAS settings under setting [cas.tgc.crypto.encryption.key].>
2018-12-07 18:53:37,087 WARN [org.apereo.cas.util.cipher.BaseStringCipherExecutor] - <Secret key for signing is not defined for [Ticket-granting Cookie]. CAS will attempt to auto-generate the signing key>
2018-12-07 18:53:37,087 WARN [org.apereo.cas.util.cipher.BaseStringCipherExecutor] - <Generated signing key [RL-UtEnqi-c4khm_WIHPgcx1UctsIHjtjq_Lm-qziZLkidz_ZutWH3VIcC_E-b6uKnNufszzpDAMRiSGKl7vUA] of size [512] for [Ticket-granting Cookie]. The generated key MUST be added to CAS settings under setting [cas.tgc.crypto.signing.key].>
2018-12-07 18:53:37,862 WARN [org.apereo.cas.util.cipher.BaseBinaryCipherExecutor] - <Secret key for signing is not defined under [cas.webflow.crypto.signing.key]. CAS will attempt to auto-generate the signing key>
2018-12-07 18:53:37,862 WARN [org.apereo.cas.util.cipher.BaseBinaryCipherExecutor] - <Generated signing key [K87ImIEEf7xtW4aTrzasugraqLFSrQdnfEraeoQYCtIdTJFk3VXFVR5m5lB5NDqv4dbmjTSc28UB3ZLmxbHC4g] of size [512]. The generated key MUST be added to CAS settings under setting [cas.webflow.crypto.signing.key].>
2018-12-07 18:53:37,862 WARN [org.apereo.cas.util.cipher.BaseBinaryCipherExecutor] - <Secret key for encryption is not defined under [cas.webflow.crypto.encryption.key]. CAS will attempt to auto-generate the encryption key>
2018-12-07 18:53:37,866 WARN [org.apereo.cas.util.cipher.BaseBinaryCipherExecutor] - <Generated encryption key [ZkdtJkf-pqwh5MidGZGdJQ] of size [16]. The generated key MUST be added to CAS settings under setting [cas.webflow.crypto.encryption.key].>
2018-12-07 18:53:38,073 WARN [org.apereo.cas.web.report.util.ControllerUtils] - <Logging configuration cannot be found in the environment settings>
2018-12-07 18:53:41,481 INFO [org.apereo.cas.web.flow.login.InitialFlowSetupAction] - <Setting path for cookies for warn cookie generator to: [/cas/] >
2018-12-07 18:53:41,529 INFO [org.apereo.inspektr.audit.support.Slf4jLoggingAuditTrailManager] - <Audit trail record BEGIN
=============================================================
WHO: audit:unknown
WHAT: [event=success,timestamp=Fri Dec 07 18:53:41 IST 2018,source=RankedAuthenticationProviderWebflowEventResolver]
ACTION: AUTHENTICATION_EVENT_TRIGGERED
APPLICATION: CAS
WHEN: Fri Dec 07 18:53:41 IST 2018
CLIENT IP ADDRESS: 0:0:0:0:0:0:0:1
SERVER IP ADDRESS: 0:0:0:0:0:0:0:1
=============================================================

>
